<?xml version="1.0" encoding="UTF-8"?>
<!-- Generated by org.testng.reporters.JUnitReportReporter -->
<testsuite hostname="Husain" failures="0" tests="6" name="com.AllTest_Selenium.Test_JavascriptExecutor" time="1.375" errors="0" timestamp="2023-12-28T12:48:58 EST" skipped="0">
  <testcase classname="com.AllTest_Selenium.Test_JavascriptExecutor" name="refreshByJs" time="0.248"/>
  <testcase classname="com.AllTest_Selenium.Test_JavascriptExecutor" name="scrollPageDown" time="0.008"/>
  <testcase classname="com.AllTest_Selenium.Test_JavascriptExecutor" name="getTitleByJs" time="0.005"/>
  <testcase classname="com.AllTest_Selenium.Test_JavascriptExecutor" name="clickElementByJs" time="0.993"/>
  <testcase classname="com.AllTest_Selenium.Test_JavascriptExecutor" name="DrawBorderByJs" time="0.113"/>
  <testcase classname="com.AllTest_Selenium.Test_JavascriptExecutor" name="scrollDownPage" time="0.008"/>
</testsuite> <!-- com.AllTest_Selenium.Test_JavascriptExecutor -->
