<?xml version="1.0" encoding="UTF-8"?>
<!-- Generated by org.testng.reporters.JUnitReportReporter -->
<testsuite hostname="Husain" failures="0" tests="3" name="com.AllTest_Selenium.Test_InputBoxAndRandomEmail" time="6.199" errors="0" timestamp="2023-12-28T12:48:58 EST" skipped="0">
  <testcase classname="com.AllTest_Selenium.Test_InputBoxAndRandomEmail" name="randomNumber" time="5.535"/>
  <testcase classname="com.AllTest_Selenium.Test_InputBoxAndRandomEmail" name="testRandomEmail" time="0.355"/>
  <testcase classname="com.AllTest_Selenium.Test_InputBoxAndRandomEmail" name="randomCity" time="0.309"/>
</testsuite> <!-- com.AllTest_Selenium.Test_InputBoxAndRandomEmail -->
