<?xml version="1.0" encoding="UTF-8"?>
<!-- Generated by org.testng.reporters.JUnitReportReporter -->
<testsuite hostname="Husain" failures="0" tests="1" name="com.AllTest_Selenium.Test_DragNDrop" time="0.568" errors="0" timestamp="2023-12-28T12:48:58 EST" skipped="0">
  <testcase classname="com.AllTest_Selenium.Test_DragNDrop" name="dragAndDrop" time="0.568"/>
</testsuite> <!-- com.AllTest_Selenium.Test_DragNDrop -->
