<?xml version="1.0" encoding="UTF-8"?>
<!-- Generated by org.testng.reporters.JUnitReportReporter -->
<testsuite hostname="Husain" failures="0" tests="3" name="com.AllTest_Selenium.Test_InputBoxAndRandomEmail" time="7.214" errors="0" timestamp="2023-12-28T00:53:13 EST" skipped="0">
  <testcase classname="com.AllTest_Selenium.Test_InputBoxAndRandomEmail" name="randomNumber" time="5.917"/>
  <testcase classname="com.AllTest_Selenium.Test_InputBoxAndRandomEmail" name="testRandomEmail" time="0.784"/>
  <testcase classname="com.AllTest_Selenium.Test_InputBoxAndRandomEmail" name="randomCity" time="0.513"/>
</testsuite> <!-- com.AllTest_Selenium.Test_InputBoxAndRandomEmail -->
