<?xml version="1.0" encoding="UTF-8"?>
<!-- Generated by org.testng.reporters.JUnitReportReporter -->
<testsuite hostname="Husain" failures="0" tests="3" name="com.AllTest_Selenium.Test_DataDrivernTest" time="3.010" errors="0" timestamp="2023-12-28T00:53:13 EST" skipped="0">
  <testcase classname="com.AllTest_Selenium.Test_DataDrivernTest" name="Register_Test" time="1.190"/>
  <testcase classname="com.AllTest_Selenium.Test_DataDrivernTest" name="Register_Test" time="0.966"/>
  <testcase classname="com.AllTest_Selenium.Test_DataDrivernTest" name="Register_Test" time="0.854"/>
</testsuite> <!-- com.AllTest_Selenium.Test_DataDrivernTest -->
