<?xml version="1.0" encoding="UTF-8"?>
<!-- Generated by org.testng.reporters.JUnitReportReporter -->
<testsuite hostname="Husain" failures="0" tests="1" name="com.AllTest_Selenium.Test_WebTable" time="0.999" errors="0" timestamp="2023-12-28T00:53:13 EST" skipped="0">
  <testcase classname="com.AllTest_Selenium.Test_WebTable" name="handle_WebTable" time="0.999"/>
</testsuite> <!-- com.AllTest_Selenium.Test_WebTable -->
