<?xml version="1.0" encoding="UTF-8"?>
<!-- Generated by org.testng.reporters.JUnitReportReporter -->
<testsuite hostname="Husain" failures="0" tests="6" name="com.AllTest_Selenium.Test_JavascriptExecutor" time="1.888" errors="0" timestamp="2023-12-28T00:53:13 EST" skipped="0">
  <testcase classname="com.AllTest_Selenium.Test_JavascriptExecutor" name="DrawBorderByJs" time="0.216"/>
  <testcase classname="com.AllTest_Selenium.Test_JavascriptExecutor" name="scrollPageDown" time="0.009"/>
  <testcase classname="com.AllTest_Selenium.Test_JavascriptExecutor" name="getTitleByJs" time="0.017"/>
  <testcase classname="com.AllTest_Selenium.Test_JavascriptExecutor" name="scrollDownPage" time="0.012"/>
  <testcase classname="com.AllTest_Selenium.Test_JavascriptExecutor" name="clickElementByJs" time="1.181"/>
  <testcase classname="com.AllTest_Selenium.Test_JavascriptExecutor" name="refreshByJs" time="0.453"/>
</testsuite> <!-- com.AllTest_Selenium.Test_JavascriptExecutor -->
